[0m21:43:55.950751 [debug] [MainThread]: Sending event: {'category': 'dbt', 'action': 'invocation', 'label': 'start', 'context': [<snowplow_tracker.self_describing_json.SelfDescribingJson object at 0x10b9fdca0>, <snowplow_tracker.self_describing_json.SelfDescribingJson object at 0x10ce4cee0>, <snowplow_tracker.self_describing_json.SelfDescribingJson object at 0x10ce4c3a0>]}


============================== 21:43:55.958479 | fc05c1dc-a16c-4480-8c46-43901b19622b ==============================
[0m21:43:55.958479 [info ] [MainThread]: Running with dbt=1.5.10
[0m21:43:55.959809 [debug] [MainThread]: running dbt with arguments {'printer_width': '80', 'indirect_selection': 'eager', 'write_json': 'True', 'log_cache_events': 'False', 'partial_parse': 'True', 'cache_selected_only': 'False', 'warn_error': 'None', 'debug': 'False', 'version_check': 'True', 'log_path': 'logs', 'fail_fast': 'False', 'profiles_dir': '/Users/sauravkuwar/.dbt', 'use_colors': 'True', 'use_experimental_parser': 'False', 'no_print': 'None', 'quiet': 'False', 'warn_error_options': 'WarnErrorOptions(include=[], exclude=[])', 'introspect': 'True', 'static_parser': 'True', 'log_format': 'default', 'target_path': 'None', 'send_anonymous_usage_stats': 'True'}
[0m21:43:55.961052 [info ] [MainThread]: dbt version: 1.5.10
[0m21:43:55.961912 [info ] [MainThread]: python version: 3.9.22
[0m21:43:55.962724 [info ] [MainThread]: python path: /usr/local/Cellar/dbt-postgres/1.5.10/libexec/bin/python
[0m21:43:55.964055 [info ] [MainThread]: os info: macOS-15.4-x86_64-i386-64bit
[0m21:43:55.965075 [info ] [MainThread]: Using profiles.yml file at /Users/sauravkuwar/.dbt/profiles.yml
[0m21:43:55.966195 [info ] [MainThread]: Using dbt_project.yml file at /Users/sauravkuwar/Documents/GIT/dbt_dwh/dbt_project.yml
[0m21:43:55.966880 [info ] [MainThread]: Configuration:
[0m21:43:56.277362 [info ] [MainThread]: Error importing adapter: No module named 'dbt.adapters.duckdb'
[0m21:43:56.329939 [info ] [MainThread]:   profiles.yml file [[31mERROR invalid[0m]
[0m21:43:56.331046 [info ] [MainThread]:   dbt_project.yml file [[31mERROR not found[0m]
[0m21:43:56.331548 [info ] [MainThread]: Required dependencies:
[0m21:43:56.332172 [debug] [MainThread]: Executing "git --help"
[0m21:43:56.363510 [debug] [MainThread]: STDOUT: "b"usage: git [-v | --version] [-h | --help] [-C <path>] [-c <name>=<value>]\n           [--exec-path[=<path>]] [--html-path] [--man-path] [--info-path]\n           [-p | --paginate | -P | --no-pager] [--no-replace-objects] [--bare]\n           [--git-dir=<path>] [--work-tree=<path>] [--namespace=<name>]\n           [--super-prefix=<path>] [--config-env=<name>=<envvar>]\n           <command> [<args>]\n\nThese are common Git commands used in various situations:\n\nstart a working area (see also: git help tutorial)\n   clone     Clone a repository into a new directory\n   init      Create an empty Git repository or reinitialize an existing one\n\nwork on the current change (see also: git help everyday)\n   add       Add file contents to the index\n   mv        Move or rename a file, a directory, or a symlink\n   restore   Restore working tree files\n   rm        Remove files from the working tree and from the index\n\nexamine the history and state (see also: git help revisions)\n   bisect    Use binary search to find the commit that introduced a bug\n   diff      Show changes between commits, commit and working tree, etc\n   grep      Print lines matching a pattern\n   log       Show commit logs\n   show      Show various types of objects\n   status    Show the working tree status\n\ngrow, mark and tweak your common history\n   branch    List, create, or delete branches\n   commit    Record changes to the repository\n   merge     Join two or more development histories together\n   rebase    Reapply commits on top of another base tip\n   reset     Reset current HEAD to the specified state\n   switch    Switch branches\n   tag       Create, list, delete or verify a tag object signed with GPG\n\ncollaborate (see also: git help workflows)\n   fetch     Download objects and refs from another repository\n   pull      Fetch from and integrate with another repository or a local branch\n   push      Update remote refs along with associated objects\n\n'git help -a' and 'git help -g' list available subcommands and some\nconcept guides. See 'git help <command>' or 'git help <concept>'\nto read about a specific subcommand or concept.\nSee 'git help git' for an overview of the system.\n""
[0m21:43:56.365859 [debug] [MainThread]: STDERR: "b''"
[0m21:43:56.366325 [info ] [MainThread]:  - git [[32mOK found[0m]

[0m21:43:56.366886 [info ] [MainThread]: [31m2 checks failed:[0m
[0m21:43:56.367433 [info ] [MainThread]: Could not load dbt_project.yml

[0m21:43:56.368393 [info ] [MainThread]: Profile loading failed for the following reason:
Runtime Error
  Credentials in profile "smart_factoring_attijari_dbt", target "dev" invalid: Runtime Error
    Could not find adapter type duckdb!

Runtime Error
  Credentials in profile "mydbt", target "dev" invalid: ['dbname'] is not of type 'string'

Runtime Error
  Credentials in profile "my_dbt_project", target "dev" invalid: ['dbname'] is not of type 'string'


[0m21:43:56.369712 [debug] [MainThread]: Command `dbt debug` failed at 21:43:56.369510 after 0.48 seconds
[0m21:43:56.370422 [debug] [MainThread]: Sending event: {'category': 'dbt', 'action': 'invocation', 'label': 'end', 'context': [<snowplow_tracker.self_describing_json.SelfDescribingJson object at 0x10b9fdca0>, <snowplow_tracker.self_describing_json.SelfDescribingJson object at 0x10d07b2e0>, <snowplow_tracker.self_describing_json.SelfDescribingJson object at 0x10ce6b3d0>]}
[0m21:43:56.370998 [debug] [MainThread]: Flushing usage events
